<?xml version="1.0" encoding="UTF-8"?>
<coverage generated="1758186478233" clover="3.2.0">
  <project timestamp="1758186478234" name="All files">
    <metrics statements="7" coveredstatements="7" conditionals="8" coveredconditionals="8" methods="1" coveredmethods="1" elements="16" coveredelements="16" complexity="0" loc="7" ncloc="7" packages="1" files="1" classes="1"/>
    <file name="livehero.js" path="C:\Users\Ольга\Desktop\js\test1\src\livehero.js">
      <metrics statements="7" coveredstatements="7" conditionals="8" coveredconditionals="8" methods="1" coveredmethods="1"/>
      <line num="2" count="5" type="cond" truecount="2" falsecount="0"/>
      <line num="3" count="1" type="stmt"/>
      <line num="5" count="4" type="cond" truecount="4" falsecount="0"/>
      <line num="6" count="2" type="stmt"/>
      <line num="8" count="2" type="cond" truecount="2" falsecount="0"/>
      <line num="9" count="1" type="stmt"/>
      <line num="11" count="1" type="stmt"/>
    </file>
  </project>
</coverage>
