{"C:\\Users\\Ольга\\Desktop\\js\\test1\\src\\livehero.js": {"path":"C:\\Users\\Ольга\\Desktop\\js\\test1\\src\\livehero.js","statementMap":{"0":{"start":{"line":2,"column":1},"end":{"line":4,"column":2}},"1":{"start":{"line":3,"column":4},"end":{"line":3,"column":20}},"2":{"start":{"line":5,"column":1},"end":{"line":7,"column":2}},"3":{"start":{"line":6,"column":4},"end":{"line":6,"column":22}},"4":{"start":{"line":8,"column":1},"end":{"line":10,"column":2}},"5":{"start":{"line":9,"column":4},"end":{"line":9,"column":21}},"6":{"start":{"line":11,"column":0},"end":{"line":11,"column":9}}},"fnMap":{"0":{"name":"liveHero","decl":{"start":{"line":1,"column":24},"end":{"line":1,"column":32}},"loc":{"start":{"line":1,"column":38},"end":{"line":12,"column":1}},"line":1}},"branchMap":{"0":{"loc":{"start":{"line":2,"column":1},"end":{"line":4,"column":2}},"type":"if","locations":[{"start":{"line":2,"column":1},"end":{"line":4,"column":2}},{"start":{},"end":{}}],"line":2},"1":{"loc":{"start":{"line":5,"column":1},"end":{"line":7,"column":2}},"type":"if","locations":[{"start":{"line":5,"column":1},"end":{"line":7,"column":2}},{"start":{},"end":{}}],"line":5},"2":{"loc":{"start":{"line":5,"column":6},"end":{"line":5,"column":44}},"type":"binary-expr","locations":[{"start":{"line":5,"column":6},"end":{"line":5,"column":23}},{"start":{"line":5,"column":27},"end":{"line":5,"column":44}}],"line":5},"3":{"loc":{"start":{"line":8,"column":1},"end":{"line":10,"column":2}},"type":"if","locations":[{"start":{"line":8,"column":1},"end":{"line":10,"column":2}},{"start":{},"end":{}}],"line":8}},"s":{"0":5,"1":1,"2":4,"3":2,"4":2,"5":1,"6":1},"f":{"0":5},"b":{"0":[1,4],"1":[2,2],"2":[4,3],"3":[1,1]},"_coverageSchema":"1a1c01bbd47fc00a2c39e90264f33305004495a9","hash":"0e33e0613996b4fe078d3c2e5e0b902716bec084"}
}
